#
# A fatal error has been detected by the Java Runtime Environment:
#
#  Internal Error (classFileParser.cpp:3494), pid=2572, tid=4156
#  Error: ShouldNotReachHere()
#
# JRE version: 6.0_35-b10
# Java VM: Java HotSpot(TM) Client VM (20.10-b01 mixed mode windows-x86 )
# If you would like to submit a bug report, please visit:
#   http://java.sun.com/webapps/bugreport/crash.jsp
#

---------------  T H R E A D  ---------------

Current thread (0x00379800):  JavaThread "Unknown thread" [_thread_in_vm, id=4156, stack(0x00380000,0x003d0000)]

Stack: [0x00380000,0x003d0000],  sp=0x003cf86c,  free space=318k
Native frames: (J=compiled Java code, j=interpreted, Vv=VM code, C=native code)
V  [jvm.dll+0x133d0a]
V  [jvm.dll+0x12e9bb]
V  [jvm.dll+0x1648e]
V  [jvm.dll+0x17ccf]
V  [jvm.dll+0x26d75]
V  [jvm.dll+0x275b6]
V  [jvm.dll+0x27965]
V  [jvm.dll+0x279f9]
V  [jvm.dll+0x27abc]
V  [jvm.dll+0x27b3a]
V  [jvm.dll+0x27c1d]
V  [jvm.dll+0x27ee9]
V  [jvm.dll+0x6c5e3]
V  [jvm.dll+0x6c9bc]
V  [jvm.dll+0xf9f6c]
V  [jvm.dll+0x1188ab]
V  [jvm.dll+0x9ec70]
C  [javaw.exe+0x1657]
C  [javaw.exe+0x1e2c]
C  [javaw.exe+0x8614]
C  [kernel32.dll+0x4ed6c]  BaseThreadInitThunk+0x12
C  [ntdll.dll+0x6377b]  RtlInitializeExceptionChain+0xef
C  [ntdll.dll+0x6374e]  RtlInitializeExceptionChain+0xc2


---------------  P R O C E S S  ---------------

Java Threads: ( => current thread )

Other Threads:

=>0x00379800 (exited) JavaThread "Unknown thread" [_thread_in_vm, id=4156, stack(0x00380000,0x003d0000)]

VM state:not at safepoint (not fully initialized)

VM Mutex/Monitor currently owned by a thread: None

Dynamic libraries:
0x00400000 - 0x00425000 	C:\Program Files\Java\jre6\bin\javaw.exe
0x77100000 - 0x7723c000 	C:\Windows\SYSTEM32\ntdll.dll
0x766f0000 - 0x767c4000 	C:\Windows\system32\kernel32.dll
0x75310000 - 0x7535b000 	C:\Windows\system32\KERNELBASE.dll
0x76a00000 - 0x76aa0000 	C:\Windows\system32\ADVAPI32.dll
0x77280000 - 0x7732c000 	C:\Windows\system32\msvcrt.dll
0x76880000 - 0x76899000 	C:\Windows\SYSTEM32\sechost.dll
0x75590000 - 0x75631000 	C:\Windows\system32\RPCRT4.dll
0x76aa0000 - 0x76b69000 	C:\Windows\system32\USER32.dll
0x76df0000 - 0x76e3e000 	C:\Windows\system32\GDI32.dll
0x76660000 - 0x7666a000 	C:\Windows\system32\LPK.dll
0x765c0000 - 0x7665d000 	C:\Windows\system32\USP10.dll
0x76670000 - 0x7668f000 	C:\Windows\system32\IMM32.DLL
0x76c30000 - 0x76cfc000 	C:\Windows\system32\MSCTF.dll
0x7c340000 - 0x7c396000 	C:\Program Files\Java\jre6\bin\msvcr71.dll
0x6d7f0000 - 0x6da9f000 	C:\Program Files\Java\jre6\bin\client\jvm.dll
0x73730000 - 0x73762000 	C:\Windows\system32\WINMM.dll
0x751c0000 - 0x7520c000 	C:\Windows\system32\apphelp.dll
0x6d7a0000 - 0x6d7ac000 	C:\Program Files\Java\jre6\bin\verify.dll
0x6d320000 - 0x6d33f000 	C:\Program Files\Java\jre6\bin\java.dll
0x6d7e0000 - 0x6d7ef000 	C:\Program Files\Java\jre6\bin\zip.dll
0x77240000 - 0x77245000 	C:\Windows\system32\PSAPI.DLL

VM Arguments:
jvm_args: -Dfile.encoding=MS949 -Xbootclasspath:D:\eclipse\android-sdk\platforms\android-8\android.jar 
java_command: test.test.arkuni.ExceptionTest
Launcher Type: SUN_STANDARD

Environment Variables:
PATH=C:/Program Files/Java/jre7/bin/client;C:/Program Files/Java/jre7/bin;C:/Program Files/Java/jre7/lib/i386;C:\Program Files\Wizvera\Delfino;C:\Perl\site\bin;C:\Perl\bin;D:\app\ParkYunki\product\11.2.0\client_1\bin;C:\Windows\system32;C:\Windows;C:\Windows\System32\Wbem;C:\Windows\System32\WindowsPowerShell\v1.0\;C:\Program Files\TortoiseSVN\bin;C:\Program Files\Common Files\Teleca Shared;C:\Program Files\Git\cmd;C:\Program Files\Git\bin;C:\Program Files\IDM Computer Solutions\UEStudio\;C:\Program Files\IDM Computer Solutions\UltraCompare\;D:\eclipse\eclipse-3.7.2;
USERNAME=ParkYunki
OS=Windows_NT
PROCESSOR_IDENTIFIER=x86 Family 6 Model 23 Stepping 10, GenuineIntel



---------------  S Y S T E M  ---------------

OS: Windows 7 Build 7601 Service Pack 1

CPU:total 2 (2 cores per cpu, 1 threads per core) family 6 model 23 stepping 10, cmov, cx8, fxsr, mmx, sse, sse2, sse3, ssse3, sse4.1

Memory: 4k page, physical 3144952k(1011556k free), swap 6288152k(2980896k free)

vm_info: Java HotSpot(TM) Client VM (20.10-b01) for windows-x86 JRE (1.6.0_35-b10), built on Aug 28 2012 17:31:51 by "java_re" with MS VC++ 7.1 (VS2003)

time: Tue Nov 20 10:34:38 2012
elapsed time: 0 seconds

